[2026-05-21T10:24:51.209179] ERROR | 20240521 Resume Uniting .doc | not an OLE2 structured storage file
[2026-05-21T10:25:04.860875] ERROR | Cheat Sheet.pdf | Extracted text too short or empty
[2026-05-29T06:27:46.989474] ERROR | audit_and_repair_database/_call_gemini | Timeout of 600.0s exceeded, last exception: 503 DNS resolution failed for generativelanguage.googleapis.com:443: C-ares status is not ARES_SUCCESS qtype=SRV name=_grpclb._tcp.generativelanguage.googleapis.com: Could not contact DNS servers
[2026-05-29T06:37:42.755386] ERROR | audit_and_repair_database/_call_gemini | Timeout of 600.0s exceeded, last exception: 503 DNS resolution failed for generativelanguage.googleapis.com:443: C-ares status is not ARES_SUCCESS qtype=SRV name=_grpclb._tcp.generativelanguage.googleapis.com: Could not contact DNS servers
[2026-05-29T06:47:36.667510] ERROR | audit_and_repair_database/_call_gemini | Timeout of 600.0s exceeded, last exception: 503 DNS resolution failed for generativelanguage.googleapis.com:443: C-ares status is not ARES_SUCCESS qtype=SRV name=_grpclb._tcp.generativelanguage.googleapis.com: Could not contact DNS servers
[2026-05-29T06:57:34.731731] ERROR | audit_and_repair_database/_call_gemini | Timeout of 600.0s exceeded, last exception: 503 DNS resolution failed for generativelanguage.googleapis.com:443: C-ares status is not ARES_SUCCESS qtype=SRV name=_grpclb._tcp.generativelanguage.googleapis.com: Could not contact DNS servers
[2026-05-29T07:07:33.749225] ERROR | audit_and_repair_database/_call_gemini | Timeout of 600.0s exceeded, last exception: 503 DNS resolution failed for generativelanguage.googleapis.com:443: C-ares status is not ARES_SUCCESS qtype=SRV name=_grpclb._tcp.generativelanguage.googleapis.com: Could not contact DNS servers
[2026-05-29T07:17:33.216015] ERROR | audit_and_repair_database/_call_gemini | Timeout of 600.0s exceeded, last exception: 503 DNS resolution failed for generativelanguage.googleapis.com:443: C-ares status is not ARES_SUCCESS qtype=SRV name=_grpclb._tcp.generativelanguage.googleapis.com: Could not contact DNS servers
[2026-05-30T02:01:14.652101] ERROR | audit_and_repair_database/_call_gemini | 503 UNAVAILABLE. {'error': {'code': 503, 'message': 'This model is currently experiencing high demand. Spikes in demand are usually temporary. Please try again later.', 'status': 'UNAVAILABLE'}}
[2026-05-30T02:01:16.655380] ERROR | audit_and_repair_database/_call_gemini | 503 UNAVAILABLE. {'error': {'code': 503, 'message': 'This model is currently experiencing high demand. Spikes in demand are usually temporary. Please try again later.', 'status': 'UNAVAILABLE'}}
[2026-05-30T02:01:32.613337] ERROR | audit_and_repair_database/_call_gemini | 503 UNAVAILABLE. {'error': {'code': 503, 'message': 'This model is currently experiencing high demand. Spikes in demand are usually temporary. Please try again later.', 'status': 'UNAVAILABLE'}}
[2026-05-30T02:01:34.454569] ERROR | audit_and_repair_database/_call_gemini | 503 UNAVAILABLE. {'error': {'code': 503, 'message': 'This model is currently experiencing high demand. Spikes in demand are usually temporary. Please try again later.', 'status': 'UNAVAILABLE'}}
[2026-05-30T02:02:16.630724] ERROR | audit_and_repair_database/_call_gemini | 503 UNAVAILABLE. {'error': {'code': 503, 'message': 'This model is currently experiencing high demand. Spikes in demand are usually temporary. Please try again later.', 'status': 'UNAVAILABLE'}}
[2026-05-30T02:02:40.223102] ERROR | audit_and_repair_database/_call_gemini | 503 UNAVAILABLE. {'error': {'code': 503, 'message': 'This model is currently experiencing high demand. Spikes in demand are usually temporary. Please try again later.', 'status': 'UNAVAILABLE'}}
[2026-05-30T02:02:42.525908] ERROR | audit_and_repair_database/_call_gemini | 503 UNAVAILABLE. {'error': {'code': 503, 'message': 'This model is currently experiencing high demand. Spikes in demand are usually temporary. Please try again later.', 'status': 'UNAVAILABLE'}}
[2026-05-30T02:03:23.187108] ERROR | audit_and_repair_database/_call_gemini | 503 UNAVAILABLE. {'error': {'code': 503, 'message': 'This model is currently experiencing high demand. Spikes in demand are usually temporary. Please try again later.', 'status': 'UNAVAILABLE'}}
[2026-05-30T02:04:26.831789] ERROR | audit_and_repair_database/_call_gemini | 503 UNAVAILABLE. {'error': {'code': 503, 'message': 'This model is currently experiencing high demand. Spikes in demand are usually temporary. Please try again later.', 'status': 'UNAVAILABLE'}}
[2026-05-30T02:05:37.658841] ERROR | audit_and_repair_database/_call_gemini | 503 UNAVAILABLE. {'error': {'code': 503, 'message': 'This model is currently experiencing high demand. Spikes in demand are usually temporary. Please try again later.', 'status': 'UNAVAILABLE'}}
[2026-05-30T02:05:51.256995] ERROR | audit_and_repair_database/_call_gemini | 503 UNAVAILABLE. {'error': {'code': 503, 'message': 'This model is currently experiencing high demand. Spikes in demand are usually temporary. Please try again later.', 'status': 'UNAVAILABLE'}}
[2026-05-30T02:06:44.011304] ERROR | audit_and_repair_database/_call_gemini | 503 UNAVAILABLE. {'error': {'code': 503, 'message': 'This model is currently experiencing high demand. Spikes in demand are usually temporary. Please try again later.', 'status': 'UNAVAILABLE'}}
[2026-05-30T02:06:57.011868] ERROR | audit_and_repair_database/_call_gemini | 503 UNAVAILABLE. {'error': {'code': 503, 'message': 'This model is currently experiencing high demand. Spikes in demand are usually temporary. Please try again later.', 'status': 'UNAVAILABLE'}}
[2026-05-30T02:07:03.564275] ERROR | audit_and_repair_database/_call_gemini | 503 UNAVAILABLE. {'error': {'code': 503, 'message': 'This model is currently experiencing high demand. Spikes in demand are usually temporary. Please try again later.', 'status': 'UNAVAILABLE'}}
[2026-05-30T02:07:05.965792] ERROR | audit_and_repair_database/_call_gemini | 503 UNAVAILABLE. {'error': {'code': 503, 'message': 'This model is currently experiencing high demand. Spikes in demand are usually temporary. Please try again later.', 'status': 'UNAVAILABLE'}}
[2026-05-30T02:07:07.235898] ERROR | audit_and_repair_database/_call_gemini | 503 UNAVAILABLE. {'error': {'code': 503, 'message': 'This model is currently experiencing high demand. Spikes in demand are usually temporary. Please try again later.', 'status': 'UNAVAILABLE'}}
[2026-05-30T02:07:09.444842] ERROR | audit_and_repair_database/_call_gemini | 503 UNAVAILABLE. {'error': {'code': 503, 'message': 'This model is currently experiencing high demand. Spikes in demand are usually temporary. Please try again later.', 'status': 'UNAVAILABLE'}}
[2026-05-30T02:07:11.481167] ERROR | audit_and_repair_database/_call_gemini | 503 UNAVAILABLE. {'error': {'code': 503, 'message': 'This model is currently experiencing high demand. Spikes in demand are usually temporary. Please try again later.', 'status': 'UNAVAILABLE'}}
[2026-05-30T02:07:14.251289] ERROR | audit_and_repair_database/_call_gemini | 503 UNAVAILABLE. {'error': {'code': 503, 'message': 'This model is currently experiencing high demand. Spikes in demand are usually temporary. Please try again later.', 'status': 'UNAVAILABLE'}}
[2026-05-30T02:07:16.758820] ERROR | audit_and_repair_database/_call_gemini | 503 UNAVAILABLE. {'error': {'code': 503, 'message': 'This model is currently experiencing high demand. Spikes in demand are usually temporary. Please try again later.', 'status': 'UNAVAILABLE'}}
[2026-05-30T02:07:19.526301] ERROR | audit_and_repair_database/_call_gemini | 503 UNAVAILABLE. {'error': {'code': 503, 'message': 'This model is currently experiencing high demand. Spikes in demand are usually temporary. Please try again later.', 'status': 'UNAVAILABLE'}}
[2026-05-30T02:07:20.607384] ERROR | audit_and_repair_database/_call_gemini | 503 UNAVAILABLE. {'error': {'code': 503, 'message': 'This model is currently experiencing high demand. Spikes in demand are usually temporary. Please try again later.', 'status': 'UNAVAILABLE'}}
[2026-05-30T02:07:22.086464] ERROR | audit_and_repair_database/_call_gemini | 503 UNAVAILABLE. {'error': {'code': 503, 'message': 'This model is currently experiencing high demand. Spikes in demand are usually temporary. Please try again later.', 'status': 'UNAVAILABLE'}}
[2026-05-30T02:07:28.855698] ERROR | audit_and_repair_database/_call_gemini | 503 UNAVAILABLE. {'error': {'code': 503, 'message': 'This model is currently experiencing high demand. Spikes in demand are usually temporary. Please try again later.', 'status': 'UNAVAILABLE'}}
[2026-05-30T02:07:32.310873] ERROR | audit_and_repair_database/_call_gemini | 503 UNAVAILABLE. {'error': {'code': 503, 'message': 'This model is currently experiencing high demand. Spikes in demand are usually temporary. Please try again later.', 'status': 'UNAVAILABLE'}}
[2026-05-30T02:08:06.121714] ERROR | audit_and_repair_database/_call_gemini | 503 UNAVAILABLE. {'error': {'code': 503, 'message': 'This model is currently experiencing high demand. Spikes in demand are usually temporary. Please try again later.', 'status': 'UNAVAILABLE'}}
[2026-05-30T02:10:36.060388] ERROR | audit_and_repair_database/_call_gemini | 503 UNAVAILABLE. {'error': {'code': 503, 'message': 'This model is currently experiencing high demand. Spikes in demand are usually temporary. Please try again later.', 'status': 'UNAVAILABLE'}}
[2026-05-30T02:10:42.692562] ERROR | audit_and_repair_database/_call_gemini | 503 UNAVAILABLE. {'error': {'code': 503, 'message': 'This model is currently experiencing high demand. Spikes in demand are usually temporary. Please try again later.', 'status': 'UNAVAILABLE'}}
[2026-05-30T02:10:58.930720] ERROR | audit_and_repair_database/_call_gemini | 503 UNAVAILABLE. {'error': {'code': 503, 'message': 'This model is currently experiencing high demand. Spikes in demand are usually temporary. Please try again later.', 'status': 'UNAVAILABLE'}}
[2026-05-30T02:14:17.882011] ERROR | audit_and_repair_database/_call_gemini | 503 UNAVAILABLE. {'error': {'code': 503, 'message': 'This model is currently experiencing high demand. Spikes in demand are usually temporary. Please try again later.', 'status': 'UNAVAILABLE'}}
[2026-05-30T02:14:33.205653] ERROR | audit_and_repair_database/_call_gemini | 503 UNAVAILABLE. {'error': {'code': 503, 'message': 'This model is currently experiencing high demand. Spikes in demand are usually temporary. Please try again later.', 'status': 'UNAVAILABLE'}}
[2026-05-30T02:15:19.247171] ERROR | audit_and_repair_database/_call_gemini | 503 UNAVAILABLE. {'error': {'code': 503, 'message': 'This model is currently experiencing high demand. Spikes in demand are usually temporary. Please try again later.', 'status': 'UNAVAILABLE'}}
[2026-05-30T02:15:35.477259] ERROR | audit_and_repair_database/_call_gemini | 503 UNAVAILABLE. {'error': {'code': 503, 'message': 'This model is currently experiencing high demand. Spikes in demand are usually temporary. Please try again later.', 'status': 'UNAVAILABLE'}}
[2026-05-30T02:16:10.431286] ERROR | audit_and_repair_database/_call_gemini | 503 UNAVAILABLE. {'error': {'code': 503, 'message': 'This model is currently experiencing high demand. Spikes in demand are usually temporary. Please try again later.', 'status': 'UNAVAILABLE'}}
[2026-05-30T02:16:46.784231] ERROR | audit_and_repair_database/_call_gemini | 503 UNAVAILABLE. {'error': {'code': 503, 'message': 'This model is currently experiencing high demand. Spikes in demand are usually temporary. Please try again later.', 'status': 'UNAVAILABLE'}}
[2026-05-30T02:16:48.116999] ERROR | audit_and_repair_database/_call_gemini | 503 UNAVAILABLE. {'error': {'code': 503, 'message': 'This model is currently experiencing high demand. Spikes in demand are usually temporary. Please try again later.', 'status': 'UNAVAILABLE'}}
[2026-05-30T02:16:58.612243] ERROR | audit_and_repair_database/_call_gemini | 503 UNAVAILABLE. {'error': {'code': 503, 'message': 'This model is currently experiencing high demand. Spikes in demand are usually temporary. Please try again later.', 'status': 'UNAVAILABLE'}}
[2026-05-30T02:17:00.256604] ERROR | audit_and_repair_database/_call_gemini | 503 UNAVAILABLE. {'error': {'code': 503, 'message': 'This model is currently experiencing high demand. Spikes in demand are usually temporary. Please try again later.', 'status': 'UNAVAILABLE'}}
[2026-05-30T02:17:03.133807] ERROR | audit_and_repair_database/_call_gemini | 503 UNAVAILABLE. {'error': {'code': 503, 'message': 'This model is currently experiencing high demand. Spikes in demand are usually temporary. Please try again later.', 'status': 'UNAVAILABLE'}}
[2026-05-30T02:21:09.159817] ERROR | audit_and_repair_database/_call_gemini | 503 UNAVAILABLE. {'error': {'code': 503, 'message': 'This model is currently experiencing high demand. Spikes in demand are usually temporary. Please try again later.', 'status': 'UNAVAILABLE'}}
[2026-05-30T02:21:15.483990] ERROR | audit_and_repair_database/_call_gemini | 503 UNAVAILABLE. {'error': {'code': 503, 'message': 'This model is currently experiencing high demand. Spikes in demand are usually temporary. Please try again later.', 'status': 'UNAVAILABLE'}}
[2026-05-30T02:22:30.784659] ERROR | audit_and_repair_database/_call_gemini | 503 UNAVAILABLE. {'error': {'code': 503, 'message': 'This model is currently experiencing high demand. Spikes in demand are usually temporary. Please try again later.', 'status': 'UNAVAILABLE'}}
[2026-05-30T02:23:17.581070] ERROR | audit_and_repair_database/_call_gemini | 503 UNAVAILABLE. {'error': {'code': 503, 'message': 'This model is currently experiencing high demand. Spikes in demand are usually temporary. Please try again later.', 'status': 'UNAVAILABLE'}}
[2026-05-30T02:24:15.124125] ERROR | audit_and_repair_database/_call_gemini | 503 UNAVAILABLE. {'error': {'code': 503, 'message': 'This model is currently experiencing high demand. Spikes in demand are usually temporary. Please try again later.', 'status': 'UNAVAILABLE'}}
[2026-05-30T02:24:28.129125] ERROR | audit_and_repair_database/_call_gemini | 503 UNAVAILABLE. {'error': {'code': 503, 'message': 'This model is currently experiencing high demand. Spikes in demand are usually temporary. Please try again later.', 'status': 'UNAVAILABLE'}}
[2026-05-30T02:26:16.305101] ERROR | audit_and_repair_database/_call_gemini | 503 UNAVAILABLE. {'error': {'code': 503, 'message': 'This model is currently experiencing high demand. Spikes in demand are usually temporary. Please try again later.', 'status': 'UNAVAILABLE'}}
[2026-05-30T02:30:18.347243] ERROR | audit_and_repair_database/_call_gemini | 503 UNAVAILABLE. {'error': {'code': 503, 'message': 'This model is currently experiencing high demand. Spikes in demand are usually temporary. Please try again later.', 'status': 'UNAVAILABLE'}}
[2026-05-30T02:30:20.082680] ERROR | audit_and_repair_database/_call_gemini | 503 UNAVAILABLE. {'error': {'code': 503, 'message': 'This model is currently experiencing high demand. Spikes in demand are usually temporary. Please try again later.', 'status': 'UNAVAILABLE'}}
[2026-05-30T02:30:25.864544] ERROR | audit_and_repair_database/_call_gemini | 503 UNAVAILABLE. {'error': {'code': 503, 'message': 'This model is currently experiencing high demand. Spikes in demand are usually temporary. Please try again later.', 'status': 'UNAVAILABLE'}}
[2026-05-30T02:30:47.160017] ERROR | audit_and_repair_database/_call_gemini | 503 UNAVAILABLE. {'error': {'code': 503, 'message': 'This model is currently experiencing high demand. Spikes in demand are usually temporary. Please try again later.', 'status': 'UNAVAILABLE'}}
[2026-05-30T02:30:53.579230] ERROR | audit_and_repair_database/_call_gemini | 503 UNAVAILABLE. {'error': {'code': 503, 'message': 'This model is currently experiencing high demand. Spikes in demand are usually temporary. Please try again later.', 'status': 'UNAVAILABLE'}}
[2026-05-30T02:31:04.148995] ERROR | audit_and_repair_database/_call_gemini | 503 UNAVAILABLE. {'error': {'code': 503, 'message': 'This model is currently experiencing high demand. Spikes in demand are usually temporary. Please try again later.', 'status': 'UNAVAILABLE'}}
[2026-05-30T02:31:12.135565] ERROR | audit_and_repair_database/_call_gemini | 503 UNAVAILABLE. {'error': {'code': 503, 'message': 'This model is currently experiencing high demand. Spikes in demand are usually temporary. Please try again later.', 'status': 'UNAVAILABLE'}}
[2026-05-30T02:31:14.146201] ERROR | audit_and_repair_database/_call_gemini | 503 UNAVAILABLE. {'error': {'code': 503, 'message': 'This model is currently experiencing high demand. Spikes in demand are usually temporary. Please try again later.', 'status': 'UNAVAILABLE'}}
[2026-05-30T02:31:15.692605] ERROR | audit_and_repair_database/_call_gemini | 503 UNAVAILABLE. {'error': {'code': 503, 'message': 'This model is currently experiencing high demand. Spikes in demand are usually temporary. Please try again later.', 'status': 'UNAVAILABLE'}}
[2026-05-30T02:31:17.264370] ERROR | audit_and_repair_database/_call_gemini | 503 UNAVAILABLE. {'error': {'code': 503, 'message': 'This model is currently experiencing high demand. Spikes in demand are usually temporary. Please try again later.', 'status': 'UNAVAILABLE'}}
[2026-05-30T02:31:18.908019] ERROR | audit_and_repair_database/_call_gemini | 503 UNAVAILABLE. {'error': {'code': 503, 'message': 'This model is currently experiencing high demand. Spikes in demand are usually temporary. Please try again later.', 'status': 'UNAVAILABLE'}}
[2026-05-30T02:32:01.053179] ERROR | audit_and_repair_database/_call_gemini | 503 UNAVAILABLE. {'error': {'code': 503, 'message': 'This model is currently experiencing high demand. Spikes in demand are usually temporary. Please try again later.', 'status': 'UNAVAILABLE'}}
[2026-05-30T02:32:40.195151] ERROR | audit_and_repair_database/_call_gemini | 503 UNAVAILABLE. {'error': {'code': 503, 'message': 'This model is currently experiencing high demand. Spikes in demand are usually temporary. Please try again later.', 'status': 'UNAVAILABLE'}}
[2026-05-30T02:32:45.868955] ERROR | audit_and_repair_database/_call_gemini | 503 UNAVAILABLE. {'error': {'code': 503, 'message': 'This model is currently experiencing high demand. Spikes in demand are usually temporary. Please try again later.', 'status': 'UNAVAILABLE'}}
[2026-05-30T02:35:16.141392] ERROR | audit_and_repair_database/_call_gemini | 503 UNAVAILABLE. {'error': {'code': 503, 'message': 'This model is currently experiencing high demand. Spikes in demand are usually temporary. Please try again later.', 'status': 'UNAVAILABLE'}}
[2026-05-30T02:43:38.165077] ERROR | audit_and_repair_database/_call_gemini | 503 UNAVAILABLE. {'error': {'code': 503, 'message': 'This model is currently experiencing high demand. Spikes in demand are usually temporary. Please try again later.', 'status': 'UNAVAILABLE'}}
[2026-05-30T02:43:40.632017] ERROR | audit_and_repair_database/_call_gemini | 503 UNAVAILABLE. {'error': {'code': 503, 'message': 'This model is currently experiencing high demand. Spikes in demand are usually temporary. Please try again later.', 'status': 'UNAVAILABLE'}}
[2026-05-30T02:44:24.273636] ERROR | audit_and_repair_database/_call_gemini | 503 UNAVAILABLE. {'error': {'code': 503, 'message': 'This model is currently experiencing high demand. Spikes in demand are usually temporary. Please try again later.', 'status': 'UNAVAILABLE'}}
[2026-05-30T02:44:25.868078] ERROR | audit_and_repair_database/_call_gemini | 503 UNAVAILABLE. {'error': {'code': 503, 'message': 'This model is currently experiencing high demand. Spikes in demand are usually temporary. Please try again later.', 'status': 'UNAVAILABLE'}}
[2026-05-30T02:44:28.307334] ERROR | audit_and_repair_database/_call_gemini | 503 UNAVAILABLE. {'error': {'code': 503, 'message': 'This model is currently experiencing high demand. Spikes in demand are usually temporary. Please try again later.', 'status': 'UNAVAILABLE'}}
[2026-05-30T02:44:39.599689] ERROR | audit_and_repair_database/_call_gemini | 503 UNAVAILABLE. {'error': {'code': 503, 'message': 'This model is currently experiencing high demand. Spikes in demand are usually temporary. Please try again later.', 'status': 'UNAVAILABLE'}}
[2026-05-30T02:44:44.934427] ERROR | audit_and_repair_database/_call_gemini | 503 UNAVAILABLE. {'error': {'code': 503, 'message': 'This model is currently experiencing high demand. Spikes in demand are usually temporary. Please try again later.', 'status': 'UNAVAILABLE'}}
[2026-05-30T02:45:28.616983] ERROR | audit_and_repair_database/_call_gemini | 503 UNAVAILABLE. {'error': {'code': 503, 'message': 'This model is currently experiencing high demand. Spikes in demand are usually temporary. Please try again later.', 'status': 'UNAVAILABLE'}}
[2026-05-30T02:45:39.028806] ERROR | audit_and_repair_database/_call_gemini | 503 UNAVAILABLE. {'error': {'code': 503, 'message': 'This model is currently experiencing high demand. Spikes in demand are usually temporary. Please try again later.', 'status': 'UNAVAILABLE'}}
[2026-05-30T02:46:03.528069] ERROR | audit_and_repair_database/_call_gemini | 503 UNAVAILABLE. {'error': {'code': 503, 'message': 'This model is currently experiencing high demand. Spikes in demand are usually temporary. Please try again later.', 'status': 'UNAVAILABLE'}}
[2026-05-30T02:46:30.308523] ERROR | audit_and_repair_database/_call_gemini | 503 UNAVAILABLE. {'error': {'code': 503, 'message': 'This model is currently experiencing high demand. Spikes in demand are usually temporary. Please try again later.', 'status': 'UNAVAILABLE'}}
[2026-05-30T02:46:38.034154] ERROR | audit_and_repair_database/_call_gemini | 503 UNAVAILABLE. {'error': {'code': 503, 'message': 'This model is currently experiencing high demand. Spikes in demand are usually temporary. Please try again later.', 'status': 'UNAVAILABLE'}}
[2026-05-30T02:46:57.572504] ERROR | audit_and_repair_database/_call_gemini | 503 UNAVAILABLE. {'error': {'code': 503, 'message': 'This model is currently experiencing high demand. Spikes in demand are usually temporary. Please try again later.', 'status': 'UNAVAILABLE'}}
[2026-05-30T02:47:20.668268] ERROR | audit_and_repair_database/_call_gemini | 503 UNAVAILABLE. {'error': {'code': 503, 'message': 'This model is currently experiencing high demand. Spikes in demand are usually temporary. Please try again later.', 'status': 'UNAVAILABLE'}}
[2026-05-30T02:47:55.683483] ERROR | audit_and_repair_database/_call_gemini | 503 UNAVAILABLE. {'error': {'code': 503, 'message': 'This model is currently experiencing high demand. Spikes in demand are usually temporary. Please try again later.', 'status': 'UNAVAILABLE'}}
[2026-05-30T02:48:06.054714] ERROR | audit_and_repair_database/_call_gemini | 503 UNAVAILABLE. {'error': {'code': 503, 'message': 'This model is currently experiencing high demand. Spikes in demand are usually temporary. Please try again later.', 'status': 'UNAVAILABLE'}}
[2026-05-30T02:48:07.995775] ERROR | audit_and_repair_database/_call_gemini | 503 UNAVAILABLE. {'error': {'code': 503, 'message': 'This model is currently experiencing high demand. Spikes in demand are usually temporary. Please try again later.', 'status': 'UNAVAILABLE'}}
[2026-05-30T02:48:17.309265] ERROR | audit_and_repair_database/_call_gemini | 503 UNAVAILABLE. {'error': {'code': 503, 'message': 'This model is currently experiencing high demand. Spikes in demand are usually temporary. Please try again later.', 'status': 'UNAVAILABLE'}}
[2026-05-30T02:50:05.173812] ERROR | audit_and_repair_database/_call_gemini | 503 UNAVAILABLE. {'error': {'code': 503, 'message': 'This model is currently experiencing high demand. Spikes in demand are usually temporary. Please try again later.', 'status': 'UNAVAILABLE'}}
[2026-05-30T02:50:10.517456] ERROR | audit_and_repair_database/_call_gemini | 503 UNAVAILABLE. {'error': {'code': 503, 'message': 'This model is currently experiencing high demand. Spikes in demand are usually temporary. Please try again later.', 'status': 'UNAVAILABLE'}}
[2026-05-30T02:50:23.701773] ERROR | audit_and_repair_database/_call_gemini | 503 UNAVAILABLE. {'error': {'code': 503, 'message': 'This model is currently experiencing high demand. Spikes in demand are usually temporary. Please try again later.', 'status': 'UNAVAILABLE'}}
[2026-05-30T02:50:28.990527] ERROR | audit_and_repair_database/_call_gemini | 503 UNAVAILABLE. {'error': {'code': 503, 'message': 'This model is currently experiencing high demand. Spikes in demand are usually temporary. Please try again later.', 'status': 'UNAVAILABLE'}}
[2026-05-30T02:50:32.011345] ERROR | audit_and_repair_database/_call_gemini | 503 UNAVAILABLE. {'error': {'code': 503, 'message': 'This model is currently experiencing high demand. Spikes in demand are usually temporary. Please try again later.', 'status': 'UNAVAILABLE'}}
[2026-05-30T02:51:59.011933] ERROR | audit_and_repair_database/_call_gemini | 503 UNAVAILABLE. {'error': {'code': 503, 'message': 'This model is currently experiencing high demand. Spikes in demand are usually temporary. Please try again later.', 'status': 'UNAVAILABLE'}}
[2026-05-30T02:52:08.728058] ERROR | audit_and_repair_database/_call_gemini | 503 UNAVAILABLE. {'error': {'code': 503, 'message': 'This model is currently experiencing high demand. Spikes in demand are usually temporary. Please try again later.', 'status': 'UNAVAILABLE'}}
[2026-05-30T02:54:46.958343] ERROR | audit_and_repair_database/_call_gemini | 503 UNAVAILABLE. {'error': {'code': 503, 'message': 'This model is currently experiencing high demand. Spikes in demand are usually temporary. Please try again later.', 'status': 'UNAVAILABLE'}}
[2026-05-30T02:55:54.392223] ERROR | audit_and_repair_database/_call_gemini | 503 UNAVAILABLE. {'error': {'code': 503, 'message': 'This model is currently experiencing high demand. Spikes in demand are usually temporary. Please try again later.', 'status': 'UNAVAILABLE'}}
[2026-05-30T02:56:50.068519] ERROR | audit_and_repair_database/_call_gemini | 503 UNAVAILABLE. {'error': {'code': 503, 'message': 'This model is currently experiencing high demand. Spikes in demand are usually temporary. Please try again later.', 'status': 'UNAVAILABLE'}}
[2026-05-30T02:58:49.878125] ERROR | audit_and_repair_database/_call_gemini | 503 UNAVAILABLE. {'error': {'code': 503, 'message': 'This model is currently experiencing high demand. Spikes in demand are usually temporary. Please try again later.', 'status': 'UNAVAILABLE'}}
[2026-05-30T02:58:51.423568] ERROR | audit_and_repair_database/_call_gemini | 503 UNAVAILABLE. {'error': {'code': 503, 'message': 'This model is currently experiencing high demand. Spikes in demand are usually temporary. Please try again later.', 'status': 'UNAVAILABLE'}}
[2026-05-30T02:59:20.273038] ERROR | audit_and_repair_database/_call_gemini | 503 UNAVAILABLE. {'error': {'code': 503, 'message': 'This model is currently experiencing high demand. Spikes in demand are usually temporary. Please try again later.', 'status': 'UNAVAILABLE'}}
[2026-05-30T02:59:22.023294] ERROR | audit_and_repair_database/_call_gemini | 503 UNAVAILABLE. {'error': {'code': 503, 'message': 'This model is currently experiencing high demand. Spikes in demand are usually temporary. Please try again later.', 'status': 'UNAVAILABLE'}}
[2026-05-30T02:59:30.136409] ERROR | audit_and_repair_database/_call_gemini | 503 UNAVAILABLE. {'error': {'code': 503, 'message': 'This model is currently experiencing high demand. Spikes in demand are usually temporary. Please try again later.', 'status': 'UNAVAILABLE'}}
[2026-05-30T02:59:31.647144] ERROR | audit_and_repair_database/_call_gemini | 503 UNAVAILABLE. {'error': {'code': 503, 'message': 'This model is currently experiencing high demand. Spikes in demand are usually temporary. Please try again later.', 'status': 'UNAVAILABLE'}}
[2026-05-30T02:59:33.810720] ERROR | audit_and_repair_database/_call_gemini | 503 UNAVAILABLE. {'error': {'code': 503, 'message': 'This model is currently experiencing high demand. Spikes in demand are usually temporary. Please try again later.', 'status': 'UNAVAILABLE'}}
[2026-05-30T02:59:35.922573] ERROR | audit_and_repair_database/_call_gemini | 503 UNAVAILABLE. {'error': {'code': 503, 'message': 'This model is currently experiencing high demand. Spikes in demand are usually temporary. Please try again later.', 'status': 'UNAVAILABLE'}}
[2026-05-30T03:00:00.407440] ERROR | audit_and_repair_database/_call_gemini | 503 UNAVAILABLE. {'error': {'code': 503, 'message': 'This model is currently experiencing high demand. Spikes in demand are usually temporary. Please try again later.', 'status': 'UNAVAILABLE'}}
[2026-05-30T03:00:03.447696] ERROR | audit_and_repair_database/_call_gemini | 503 UNAVAILABLE. {'error': {'code': 503, 'message': 'This model is currently experiencing high demand. Spikes in demand are usually temporary. Please try again later.', 'status': 'UNAVAILABLE'}}
[2026-05-30T03:00:06.702712] ERROR | audit_and_repair_database/_call_gemini | 503 UNAVAILABLE. {'error': {'code': 503, 'message': 'This model is currently experiencing high demand. Spikes in demand are usually temporary. Please try again later.', 'status': 'UNAVAILABLE'}}
[2026-05-30T03:00:09.108492] ERROR | audit_and_repair_database/_call_gemini | 503 UNAVAILABLE. {'error': {'code': 503, 'message': 'This model is currently experiencing high demand. Spikes in demand are usually temporary. Please try again later.', 'status': 'UNAVAILABLE'}}
[2026-05-30T03:00:18.646993] ERROR | audit_and_repair_database/_call_gemini | 503 UNAVAILABLE. {'error': {'code': 503, 'message': 'This model is currently experiencing high demand. Spikes in demand are usually temporary. Please try again later.', 'status': 'UNAVAILABLE'}}
[2026-05-30T03:00:20.152232] ERROR | audit_and_repair_database/_call_gemini | 503 UNAVAILABLE. {'error': {'code': 503, 'message': 'This model is currently experiencing high demand. Spikes in demand are usually temporary. Please try again later.', 'status': 'UNAVAILABLE'}}
[2026-05-30T03:00:22.395278] ERROR | audit_and_repair_database/_call_gemini | 503 UNAVAILABLE. {'error': {'code': 503, 'message': 'This model is currently experiencing high demand. Spikes in demand are usually temporary. Please try again later.', 'status': 'UNAVAILABLE'}}
[2026-05-30T03:00:29.031147] ERROR | audit_and_repair_database/_call_gemini | 503 UNAVAILABLE. {'error': {'code': 503, 'message': 'This model is currently experiencing high demand. Spikes in demand are usually temporary. Please try again later.', 'status': 'UNAVAILABLE'}}
[2026-05-30T03:00:30.722727] ERROR | audit_and_repair_database/_call_gemini | 503 UNAVAILABLE. {'error': {'code': 503, 'message': 'This model is currently experiencing high demand. Spikes in demand are usually temporary. Please try again later.', 'status': 'UNAVAILABLE'}}
[2026-05-30T03:00:59.637465] ERROR | audit_and_repair_database/_call_gemini | 503 UNAVAILABLE. {'error': {'code': 503, 'message': 'This model is currently experiencing high demand. Spikes in demand are usually temporary. Please try again later.', 'status': 'UNAVAILABLE'}}
[2026-05-30T03:01:00.711823] ERROR | audit_and_repair_database/_call_gemini | 503 UNAVAILABLE. {'error': {'code': 503, 'message': 'This model is currently experiencing high demand. Spikes in demand are usually temporary. Please try again later.', 'status': 'UNAVAILABLE'}}
[2026-05-30T03:01:03.907057] ERROR | audit_and_repair_database/_call_gemini | 503 UNAVAILABLE. {'error': {'code': 503, 'message': 'This model is currently experiencing high demand. Spikes in demand are usually temporary. Please try again later.', 'status': 'UNAVAILABLE'}}
[2026-05-30T03:01:05.819581] ERROR | audit_and_repair_database/_call_gemini | 503 UNAVAILABLE. {'error': {'code': 503, 'message': 'This model is currently experiencing high demand. Spikes in demand are usually temporary. Please try again later.', 'status': 'UNAVAILABLE'}}
[2026-05-30T03:01:09.818521] ERROR | audit_and_repair_database/_call_gemini | 503 UNAVAILABLE. {'error': {'code': 503, 'message': 'This model is currently experiencing high demand. Spikes in demand are usually temporary. Please try again later.', 'status': 'UNAVAILABLE'}}
[2026-05-30T03:01:20.441725] ERROR | audit_and_repair_database/_call_gemini | 503 UNAVAILABLE. {'error': {'code': 503, 'message': 'This model is currently experiencing high demand. Spikes in demand are usually temporary. Please try again later.', 'status': 'UNAVAILABLE'}}
[2026-05-30T03:01:27.504056] ERROR | audit_and_repair_database/_call_gemini | 503 UNAVAILABLE. {'error': {'code': 503, 'message': 'This model is currently experiencing high demand. Spikes in demand are usually temporary. Please try again later.', 'status': 'UNAVAILABLE'}}
[2026-05-30T03:01:29.502675] ERROR | audit_and_repair_database/_call_gemini | 503 UNAVAILABLE. {'error': {'code': 503, 'message': 'This model is currently experiencing high demand. Spikes in demand are usually temporary. Please try again later.', 'status': 'UNAVAILABLE'}}
[2026-05-30T03:01:31.656858] ERROR | audit_and_repair_database/_call_gemini | 503 UNAVAILABLE. {'error': {'code': 503, 'message': 'This model is currently experiencing high demand. Spikes in demand are usually temporary. Please try again later.', 'status': 'UNAVAILABLE'}}
[2026-05-30T03:01:33.426329] ERROR | audit_and_repair_database/_call_gemini | 503 UNAVAILABLE. {'error': {'code': 503, 'message': 'This model is currently experiencing high demand. Spikes in demand are usually temporary. Please try again later.', 'status': 'UNAVAILABLE'}}
[2026-05-30T03:02:02.995478] ERROR | audit_and_repair_database/_call_gemini | 503 UNAVAILABLE. {'error': {'code': 503, 'message': 'This model is currently experiencing high demand. Spikes in demand are usually temporary. Please try again later.', 'status': 'UNAVAILABLE'}}
[2026-05-30T03:02:10.195709] ERROR | audit_and_repair_database/_call_gemini | 503 UNAVAILABLE. {'error': {'code': 503, 'message': 'This model is currently experiencing high demand. Spikes in demand are usually temporary. Please try again later.', 'status': 'UNAVAILABLE'}}
[2026-05-30T03:02:13.563159] ERROR | audit_and_repair_database/_call_gemini | 503 UNAVAILABLE. {'error': {'code': 503, 'message': 'This model is currently experiencing high demand. Spikes in demand are usually temporary. Please try again later.', 'status': 'UNAVAILABLE'}}
[2026-05-30T03:02:25.767136] ERROR | audit_and_repair_database/_call_gemini | 503 UNAVAILABLE. {'error': {'code': 503, 'message': 'This model is currently experiencing high demand. Spikes in demand are usually temporary. Please try again later.', 'status': 'UNAVAILABLE'}}
[2026-05-30T03:02:33.346634] ERROR | audit_and_repair_database/_call_gemini | 503 UNAVAILABLE. {'error': {'code': 503, 'message': 'This model is currently experiencing high demand. Spikes in demand are usually temporary. Please try again later.', 'status': 'UNAVAILABLE'}}
[2026-05-30T03:02:36.737600] ERROR | audit_and_repair_database/_call_gemini | 503 UNAVAILABLE. {'error': {'code': 503, 'message': 'This model is currently experiencing high demand. Spikes in demand are usually temporary. Please try again later.', 'status': 'UNAVAILABLE'}}
[2026-05-30T03:02:38.438822] ERROR | audit_and_repair_database/_call_gemini | 503 UNAVAILABLE. {'error': {'code': 503, 'message': 'This model is currently experiencing high demand. Spikes in demand are usually temporary. Please try again later.', 'status': 'UNAVAILABLE'}}
[2026-05-30T03:02:46.625220] ERROR | audit_and_repair_database/_call_gemini | 503 UNAVAILABLE. {'error': {'code': 503, 'message': 'This model is currently experiencing high demand. Spikes in demand are usually temporary. Please try again later.', 'status': 'UNAVAILABLE'}}
[2026-05-30T03:02:48.970176] ERROR | audit_and_repair_database/_call_gemini | 503 UNAVAILABLE. {'error': {'code': 503, 'message': 'This model is currently experiencing high demand. Spikes in demand are usually temporary. Please try again later.', 'status': 'UNAVAILABLE'}}
[2026-05-30T03:02:53.920797] ERROR | audit_and_repair_database/_call_gemini | 503 UNAVAILABLE. {'error': {'code': 503, 'message': 'This model is currently experiencing high demand. Spikes in demand are usually temporary. Please try again later.', 'status': 'UNAVAILABLE'}}
[2026-05-30T03:02:59.353481] ERROR | audit_and_repair_database/_call_gemini | 503 UNAVAILABLE. {'error': {'code': 503, 'message': 'This model is currently experiencing high demand. Spikes in demand are usually temporary. Please try again later.', 'status': 'UNAVAILABLE'}}
[2026-05-30T03:03:00.988523] ERROR | audit_and_repair_database/_call_gemini | 503 UNAVAILABLE. {'error': {'code': 503, 'message': 'This model is currently experiencing high demand. Spikes in demand are usually temporary. Please try again later.', 'status': 'UNAVAILABLE'}}
[2026-05-30T03:03:09.835193] ERROR | audit_and_repair_database/_call_gemini | 503 UNAVAILABLE. {'error': {'code': 503, 'message': 'This model is currently experiencing high demand. Spikes in demand are usually temporary. Please try again later.', 'status': 'UNAVAILABLE'}}
[2026-05-30T03:03:28.703946] ERROR | audit_and_repair_database/_call_gemini | 503 UNAVAILABLE. {'error': {'code': 503, 'message': 'This model is currently experiencing high demand. Spikes in demand are usually temporary. Please try again later.', 'status': 'UNAVAILABLE'}}
[2026-05-30T03:03:40.909440] ERROR | audit_and_repair_database/_call_gemini | 503 UNAVAILABLE. {'error': {'code': 503, 'message': 'This model is currently experiencing high demand. Spikes in demand are usually temporary. Please try again later.', 'status': 'UNAVAILABLE'}}
[2026-05-30T03:03:51.567086] ERROR | audit_and_repair_database/_call_gemini | 503 UNAVAILABLE. {'error': {'code': 503, 'message': 'This model is currently experiencing high demand. Spikes in demand are usually temporary. Please try again later.', 'status': 'UNAVAILABLE'}}
[2026-05-30T03:03:53.111400] ERROR | audit_and_repair_database/_call_gemini | 503 UNAVAILABLE. {'error': {'code': 503, 'message': 'This model is currently experiencing high demand. Spikes in demand are usually temporary. Please try again later.', 'status': 'UNAVAILABLE'}}
[2026-05-30T03:03:56.693080] ERROR | audit_and_repair_database/_call_gemini | 503 UNAVAILABLE. {'error': {'code': 503, 'message': 'This model is currently experiencing high demand. Spikes in demand are usually temporary. Please try again later.', 'status': 'UNAVAILABLE'}}
[2026-05-30T03:03:59.041252] ERROR | audit_and_repair_database/_call_gemini | 503 UNAVAILABLE. {'error': {'code': 503, 'message': 'This model is currently experiencing high demand. Spikes in demand are usually temporary. Please try again later.', 'status': 'UNAVAILABLE'}}
[2026-05-30T03:04:02.771832] ERROR | audit_and_repair_database/_call_gemini | 503 UNAVAILABLE. {'error': {'code': 503, 'message': 'This model is currently experiencing high demand. Spikes in demand are usually temporary. Please try again later.', 'status': 'UNAVAILABLE'}}
[2026-05-30T03:04:07.380687] ERROR | audit_and_repair_database/_call_gemini | 503 UNAVAILABLE. {'error': {'code': 503, 'message': 'This model is currently experiencing high demand. Spikes in demand are usually temporary. Please try again later.', 'status': 'UNAVAILABLE'}}
[2026-05-30T03:04:10.025369] ERROR | audit_and_repair_database/_call_gemini | 503 UNAVAILABLE. {'error': {'code': 503, 'message': 'This model is currently experiencing high demand. Spikes in demand are usually temporary. Please try again later.', 'status': 'UNAVAILABLE'}}
[2026-05-30T03:04:12.640526] ERROR | audit_and_repair_database/_call_gemini | 503 UNAVAILABLE. {'error': {'code': 503, 'message': 'This model is currently experiencing high demand. Spikes in demand are usually temporary. Please try again later.', 'status': 'UNAVAILABLE'}}
[2026-05-30T03:04:24.603672] ERROR | audit_and_repair_database/_call_gemini | 503 UNAVAILABLE. {'error': {'code': 503, 'message': 'This model is currently experiencing high demand. Spikes in demand are usually temporary. Please try again later.', 'status': 'UNAVAILABLE'}}
[2026-05-30T03:04:32.114210] ERROR | audit_and_repair_database/_call_gemini | 503 UNAVAILABLE. {'error': {'code': 503, 'message': 'This model is currently experiencing high demand. Spikes in demand are usually temporary. Please try again later.', 'status': 'UNAVAILABLE'}}
[2026-05-30T03:04:34.442489] ERROR | audit_and_repair_database/_call_gemini | 503 UNAVAILABLE. {'error': {'code': 503, 'message': 'This model is currently experiencing high demand. Spikes in demand are usually temporary. Please try again later.', 'status': 'UNAVAILABLE'}}
[2026-05-30T03:04:37.168403] ERROR | audit_and_repair_database/_call_gemini | 503 UNAVAILABLE. {'error': {'code': 503, 'message': 'This model is currently experiencing high demand. Spikes in demand are usually temporary. Please try again later.', 'status': 'UNAVAILABLE'}}
[2026-05-30T03:05:04.000743] ERROR | audit_and_repair_database/_call_gemini | 503 UNAVAILABLE. {'error': {'code': 503, 'message': 'This model is currently experiencing high demand. Spikes in demand are usually temporary. Please try again later.', 'status': 'UNAVAILABLE'}}
[2026-05-30T03:05:07.368509] ERROR | audit_and_repair_database/_call_gemini | 503 UNAVAILABLE. {'error': {'code': 503, 'message': 'This model is currently experiencing high demand. Spikes in demand are usually temporary. Please try again later.', 'status': 'UNAVAILABLE'}}
[2026-05-30T03:05:09.318920] ERROR | audit_and_repair_database/_call_gemini | 503 UNAVAILABLE. {'error': {'code': 503, 'message': 'This model is currently experiencing high demand. Spikes in demand are usually temporary. Please try again later.', 'status': 'UNAVAILABLE'}}
[2026-05-30T03:05:10.651024] ERROR | audit_and_repair_database/_call_gemini | 503 UNAVAILABLE. {'error': {'code': 503, 'message': 'This model is currently experiencing high demand. Spikes in demand are usually temporary. Please try again later.', 'status': 'UNAVAILABLE'}}
[2026-05-30T03:05:12.538809] ERROR | audit_and_repair_database/_call_gemini | 503 UNAVAILABLE. {'error': {'code': 503, 'message': 'This model is currently experiencing high demand. Spikes in demand are usually temporary. Please try again later.', 'status': 'UNAVAILABLE'}}
[2026-05-30T03:05:16.069597] ERROR | audit_and_repair_database/_call_gemini | 503 UNAVAILABLE. {'error': {'code': 503, 'message': 'This model is currently experiencing high demand. Spikes in demand are usually temporary. Please try again later.', 'status': 'UNAVAILABLE'}}
[2026-05-30T03:05:17.510130] ERROR | audit_and_repair_database/_call_gemini | 503 UNAVAILABLE. {'error': {'code': 503, 'message': 'This model is currently experiencing high demand. Spikes in demand are usually temporary. Please try again later.', 'status': 'UNAVAILABLE'}}
[2026-05-30T03:05:20.537139] ERROR | audit_and_repair_database/_call_gemini | 503 UNAVAILABLE. {'error': {'code': 503, 'message': 'This model is currently experiencing high demand. Spikes in demand are usually temporary. Please try again later.', 'status': 'UNAVAILABLE'}}
[2026-05-30T03:05:24.814075] ERROR | audit_and_repair_database/_call_gemini | 503 UNAVAILABLE. {'error': {'code': 503, 'message': 'This model is currently experiencing high demand. Spikes in demand are usually temporary. Please try again later.', 'status': 'UNAVAILABLE'}}
[2026-05-30T03:05:28.559197] ERROR | audit_and_repair_database/_call_gemini | 503 UNAVAILABLE. {'error': {'code': 503, 'message': 'This model is currently experiencing high demand. Spikes in demand are usually temporary. Please try again later.', 'status': 'UNAVAILABLE'}}
[2026-05-30T03:05:30.859331] ERROR | audit_and_repair_database/_call_gemini | 503 UNAVAILABLE. {'error': {'code': 503, 'message': 'This model is currently experiencing high demand. Spikes in demand are usually temporary. Please try again later.', 'status': 'UNAVAILABLE'}}
[2026-05-30T03:05:32.916321] ERROR | audit_and_repair_database/_call_gemini | 503 UNAVAILABLE. {'error': {'code': 503, 'message': 'This model is currently experiencing high demand. Spikes in demand are usually temporary. Please try again later.', 'status': 'UNAVAILABLE'}}
[2026-05-30T03:05:34.492834] ERROR | audit_and_repair_database/_call_gemini | 503 UNAVAILABLE. {'error': {'code': 503, 'message': 'This model is currently experiencing high demand. Spikes in demand are usually temporary. Please try again later.', 'status': 'UNAVAILABLE'}}
[2026-05-30T03:05:36.125854] ERROR | audit_and_repair_database/_call_gemini | 503 UNAVAILABLE. {'error': {'code': 503, 'message': 'This model is currently experiencing high demand. Spikes in demand are usually temporary. Please try again later.', 'status': 'UNAVAILABLE'}}
[2026-05-30T03:05:38.421539] ERROR | audit_and_repair_database/_call_gemini | 503 UNAVAILABLE. {'error': {'code': 503, 'message': 'This model is currently experiencing high demand. Spikes in demand are usually temporary. Please try again later.', 'status': 'UNAVAILABLE'}}
[2026-05-30T03:06:07.734731] ERROR | audit_and_repair_database/_call_gemini | 503 UNAVAILABLE. {'error': {'code': 503, 'message': 'This model is currently experiencing high demand. Spikes in demand are usually temporary. Please try again later.', 'status': 'UNAVAILABLE'}}
[2026-05-30T03:06:19.748932] ERROR | audit_and_repair_database/_call_gemini | 503 UNAVAILABLE. {'error': {'code': 503, 'message': 'This model is currently experiencing high demand. Spikes in demand are usually temporary. Please try again later.', 'status': 'UNAVAILABLE'}}
[2026-05-30T03:06:21.468792] ERROR | audit_and_repair_database/_call_gemini | 503 UNAVAILABLE. {'error': {'code': 503, 'message': 'This model is currently experiencing high demand. Spikes in demand are usually temporary. Please try again later.', 'status': 'UNAVAILABLE'}}
[2026-05-30T03:06:24.188095] ERROR | audit_and_repair_database/_call_gemini | 503 UNAVAILABLE. {'error': {'code': 503, 'message': 'This model is currently experiencing high demand. Spikes in demand are usually temporary. Please try again later.', 'status': 'UNAVAILABLE'}}
[2026-05-30T03:06:27.902503] ERROR | audit_and_repair_database/_call_gemini | 503 UNAVAILABLE. {'error': {'code': 503, 'message': 'This model is currently experiencing high demand. Spikes in demand are usually temporary. Please try again later.', 'status': 'UNAVAILABLE'}}
[2026-05-30T03:06:31.178501] ERROR | audit_and_repair_database/_call_gemini | 503 UNAVAILABLE. {'error': {'code': 503, 'message': 'This model is currently experiencing high demand. Spikes in demand are usually temporary. Please try again later.', 'status': 'UNAVAILABLE'}}
[2026-05-30T03:07:03.883721] ERROR | audit_and_repair_database/_call_gemini | 503 UNAVAILABLE. {'error': {'code': 503, 'message': 'This model is currently experiencing high demand. Spikes in demand are usually temporary. Please try again later.', 'status': 'UNAVAILABLE'}}
[2026-05-30T03:07:15.691669] ERROR | audit_and_repair_database/_call_gemini | 503 UNAVAILABLE. {'error': {'code': 503, 'message': 'This model is currently experiencing high demand. Spikes in demand are usually temporary. Please try again later.', 'status': 'UNAVAILABLE'}}
[2026-05-30T03:07:17.247141] ERROR | audit_and_repair_database/_call_gemini | 503 UNAVAILABLE. {'error': {'code': 503, 'message': 'This model is currently experiencing high demand. Spikes in demand are usually temporary. Please try again later.', 'status': 'UNAVAILABLE'}}
[2026-05-30T03:07:19.798407] ERROR | audit_and_repair_database/_call_gemini | 503 UNAVAILABLE. {'error': {'code': 503, 'message': 'This model is currently experiencing high demand. Spikes in demand are usually temporary. Please try again later.', 'status': 'UNAVAILABLE'}}
[2026-05-30T03:07:21.903006] ERROR | audit_and_repair_database/_call_gemini | 503 UNAVAILABLE. {'error': {'code': 503, 'message': 'This model is currently experiencing high demand. Spikes in demand are usually temporary. Please try again later.', 'status': 'UNAVAILABLE'}}
[2026-05-30T03:07:24.005142] ERROR | audit_and_repair_database/_call_gemini | 503 UNAVAILABLE. {'error': {'code': 503, 'message': 'This model is currently experiencing high demand. Spikes in demand are usually temporary. Please try again later.', 'status': 'UNAVAILABLE'}}
[2026-05-30T03:07:26.667686] ERROR | audit_and_repair_database/_call_gemini | 503 UNAVAILABLE. {'error': {'code': 503, 'message': 'This model is currently experiencing high demand. Spikes in demand are usually temporary. Please try again later.', 'status': 'UNAVAILABLE'}}
[2026-05-30T03:07:28.606809] ERROR | audit_and_repair_database/_call_gemini | 503 UNAVAILABLE. {'error': {'code': 503, 'message': 'This model is currently experiencing high demand. Spikes in demand are usually temporary. Please try again later.', 'status': 'UNAVAILABLE'}}
[2026-05-30T03:07:42.218490] ERROR | audit_and_repair_database/_call_gemini | 503 UNAVAILABLE. {'error': {'code': 503, 'message': 'This model is currently experiencing high demand. Spikes in demand are usually temporary. Please try again later.', 'status': 'UNAVAILABLE'}}
[2026-05-30T03:07:44.101507] ERROR | audit_and_repair_database/_call_gemini | 503 UNAVAILABLE. {'error': {'code': 503, 'message': 'This model is currently experiencing high demand. Spikes in demand are usually temporary. Please try again later.', 'status': 'UNAVAILABLE'}}
[2026-05-30T03:07:45.648975] ERROR | audit_and_repair_database/_call_gemini | 503 UNAVAILABLE. {'error': {'code': 503, 'message': 'This model is currently experiencing high demand. Spikes in demand are usually temporary. Please try again later.', 'status': 'UNAVAILABLE'}}
[2026-05-30T03:07:47.317721] ERROR | audit_and_repair_database/_call_gemini | 503 UNAVAILABLE. {'error': {'code': 503, 'message': 'This model is currently experiencing high demand. Spikes in demand are usually temporary. Please try again later.', 'status': 'UNAVAILABLE'}}
[2026-05-30T03:07:50.472603] ERROR | audit_and_repair_database/_call_gemini | 503 UNAVAILABLE. {'error': {'code': 503, 'message': 'This model is currently experiencing high demand. Spikes in demand are usually temporary. Please try again later.', 'status': 'UNAVAILABLE'}}
[2026-05-30T03:07:59.433035] ERROR | audit_and_repair_database/_call_gemini | 503 UNAVAILABLE. {'error': {'code': 503, 'message': 'This model is currently experiencing high demand. Spikes in demand are usually temporary. Please try again later.', 'status': 'UNAVAILABLE'}}
[2026-05-30T03:08:02.701307] ERROR | audit_and_repair_database/_call_gemini | 503 UNAVAILABLE. {'error': {'code': 503, 'message': 'This model is currently experiencing high demand. Spikes in demand are usually temporary. Please try again later.', 'status': 'UNAVAILABLE'}}
[2026-05-30T03:08:08.663918] ERROR | audit_and_repair_database/_call_gemini | 503 UNAVAILABLE. {'error': {'code': 503, 'message': 'This model is currently experiencing high demand. Spikes in demand are usually temporary. Please try again later.', 'status': 'UNAVAILABLE'}}
[2026-05-30T03:08:14.104052] ERROR | audit_and_repair_database/_call_gemini | 503 UNAVAILABLE. {'error': {'code': 503, 'message': 'This model is currently experiencing high demand. Spikes in demand are usually temporary. Please try again later.', 'status': 'UNAVAILABLE'}}
[2026-05-30T03:08:21.854905] ERROR | audit_and_repair_database/_call_gemini | 503 UNAVAILABLE. {'error': {'code': 503, 'message': 'This model is currently experiencing high demand. Spikes in demand are usually temporary. Please try again later.', 'status': 'UNAVAILABLE'}}
[2026-05-30T03:08:23.451393] ERROR | audit_and_repair_database/_call_gemini | 503 UNAVAILABLE. {'error': {'code': 503, 'message': 'This model is currently experiencing high demand. Spikes in demand are usually temporary. Please try again later.', 'status': 'UNAVAILABLE'}}
[2026-05-30T03:08:25.338124] ERROR | audit_and_repair_database/_call_gemini | 503 UNAVAILABLE. {'error': {'code': 503, 'message': 'This model is currently experiencing high demand. Spikes in demand are usually temporary. Please try again later.', 'status': 'UNAVAILABLE'}}
[2026-05-30T03:08:27.056378] ERROR | audit_and_repair_database/_call_gemini | 503 UNAVAILABLE. {'error': {'code': 503, 'message': 'This model is currently experiencing high demand. Spikes in demand are usually temporary. Please try again later.', 'status': 'UNAVAILABLE'}}
[2026-05-30T03:08:29.952103] ERROR | audit_and_repair_database/_call_gemini | 503 UNAVAILABLE. {'error': {'code': 503, 'message': 'This model is currently experiencing high demand. Spikes in demand are usually temporary. Please try again later.', 'status': 'UNAVAILABLE'}}
[2026-05-30T03:08:32.953369] ERROR | audit_and_repair_database/_call_gemini | 503 UNAVAILABLE. {'error': {'code': 503, 'message': 'This model is currently experiencing high demand. Spikes in demand are usually temporary. Please try again later.', 'status': 'UNAVAILABLE'}}
[2026-05-30T03:08:47.645485] ERROR | audit_and_repair_database/_call_gemini | 503 UNAVAILABLE. {'error': {'code': 503, 'message': 'This model is currently experiencing high demand. Spikes in demand are usually temporary. Please try again later.', 'status': 'UNAVAILABLE'}}
[2026-05-30T03:09:01.039617] ERROR | audit_and_repair_database/_call_gemini | 503 UNAVAILABLE. {'error': {'code': 503, 'message': 'This model is currently experiencing high demand. Spikes in demand are usually temporary. Please try again later.', 'status': 'UNAVAILABLE'}}
[2026-05-30T03:09:34.997630] ERROR | audit_and_repair_database/_call_gemini | 503 UNAVAILABLE. {'error': {'code': 503, 'message': 'This model is currently experiencing high demand. Spikes in demand are usually temporary. Please try again later.', 'status': 'UNAVAILABLE'}}
[2026-05-30T03:09:37.498175] ERROR | audit_and_repair_database/_call_gemini | 503 UNAVAILABLE. {'error': {'code': 503, 'message': 'This model is currently experiencing high demand. Spikes in demand are usually temporary. Please try again later.', 'status': 'UNAVAILABLE'}}
[2026-05-30T03:09:42.076277] ERROR | audit_and_repair_database/_call_gemini | 503 UNAVAILABLE. {'error': {'code': 503, 'message': 'This model is currently experiencing high demand. Spikes in demand are usually temporary. Please try again later.', 'status': 'UNAVAILABLE'}}
[2026-05-30T03:09:44.035802] ERROR | audit_and_repair_database/_call_gemini | 503 UNAVAILABLE. {'error': {'code': 503, 'message': 'This model is currently experiencing high demand. Spikes in demand are usually temporary. Please try again later.', 'status': 'UNAVAILABLE'}}
[2026-05-30T03:09:46.897527] ERROR | audit_and_repair_database/_call_gemini | 503 UNAVAILABLE. {'error': {'code': 503, 'message': 'This model is currently experiencing high demand. Spikes in demand are usually temporary. Please try again later.', 'status': 'UNAVAILABLE'}}
[2026-05-30T03:09:48.752859] ERROR | audit_and_repair_database/_call_gemini | 503 UNAVAILABLE. {'error': {'code': 503, 'message': 'This model is currently experiencing high demand. Spikes in demand are usually temporary. Please try again later.', 'status': 'UNAVAILABLE'}}
[2026-05-30T03:09:50.476551] ERROR | audit_and_repair_database/_call_gemini | 503 UNAVAILABLE. {'error': {'code': 503, 'message': 'This model is currently experiencing high demand. Spikes in demand are usually temporary. Please try again later.', 'status': 'UNAVAILABLE'}}
[2026-05-30T03:09:52.302667] ERROR | audit_and_repair_database/_call_gemini | 503 UNAVAILABLE. {'error': {'code': 503, 'message': 'This model is currently experiencing high demand. Spikes in demand are usually temporary. Please try again later.', 'status': 'UNAVAILABLE'}}
[2026-05-30T03:09:57.777213] ERROR | audit_and_repair_database/_call_gemini | 503 UNAVAILABLE. {'error': {'code': 503, 'message': 'This model is currently experiencing high demand. Spikes in demand are usually temporary. Please try again later.', 'status': 'UNAVAILABLE'}}
[2026-05-30T03:10:29.673750] ERROR | audit_and_repair_database/_call_gemini | 503 UNAVAILABLE. {'error': {'code': 503, 'message': 'This model is currently experiencing high demand. Spikes in demand are usually temporary. Please try again later.', 'status': 'UNAVAILABLE'}}
[2026-05-30T03:10:32.445132] ERROR | audit_and_repair_database/_call_gemini | 503 UNAVAILABLE. {'error': {'code': 503, 'message': 'This model is currently experiencing high demand. Spikes in demand are usually temporary. Please try again later.', 'status': 'UNAVAILABLE'}}
[2026-05-30T03:10:35.629718] ERROR | audit_and_repair_database/_call_gemini | 503 UNAVAILABLE. {'error': {'code': 503, 'message': 'This model is currently experiencing high demand. Spikes in demand are usually temporary. Please try again later.', 'status': 'UNAVAILABLE'}}
[2026-05-30T03:10:37.652825] ERROR | audit_and_repair_database/_call_gemini | 503 UNAVAILABLE. {'error': {'code': 503, 'message': 'This model is currently experiencing high demand. Spikes in demand are usually temporary. Please try again later.', 'status': 'UNAVAILABLE'}}
[2026-05-30T03:10:39.737262] ERROR | audit_and_repair_database/_call_gemini | 503 UNAVAILABLE. {'error': {'code': 503, 'message': 'This model is currently experiencing high demand. Spikes in demand are usually temporary. Please try again later.', 'status': 'UNAVAILABLE'}}
[2026-05-30T03:10:41.111044] ERROR | audit_and_repair_database/_call_gemini | 503 UNAVAILABLE. {'error': {'code': 503, 'message': 'This model is currently experiencing high demand. Spikes in demand are usually temporary. Please try again later.', 'status': 'UNAVAILABLE'}}
[2026-05-30T03:10:45.102841] ERROR | audit_and_repair_database/_call_gemini | 503 UNAVAILABLE. {'error': {'code': 503, 'message': 'This model is currently experiencing high demand. Spikes in demand are usually temporary. Please try again later.', 'status': 'UNAVAILABLE'}}
[2026-05-30T03:10:48.802065] ERROR | audit_and_repair_database/_call_gemini | 503 UNAVAILABLE. {'error': {'code': 503, 'message': 'This model is currently experiencing high demand. Spikes in demand are usually temporary. Please try again later.', 'status': 'UNAVAILABLE'}}
[2026-05-30T03:10:50.485573] ERROR | audit_and_repair_database/_call_gemini | 503 UNAVAILABLE. {'error': {'code': 503, 'message': 'This model is currently experiencing high demand. Spikes in demand are usually temporary. Please try again later.', 'status': 'UNAVAILABLE'}}
[2026-05-30T03:10:51.995883] ERROR | audit_and_repair_database/_call_gemini | 503 UNAVAILABLE. {'error': {'code': 503, 'message': 'This model is currently experiencing high demand. Spikes in demand are usually temporary. Please try again later.', 'status': 'UNAVAILABLE'}}
[2026-05-30T03:10:54.308891] ERROR | audit_and_repair_database/_call_gemini | 503 UNAVAILABLE. {'error': {'code': 503, 'message': 'This model is currently experiencing high demand. Spikes in demand are usually temporary. Please try again later.', 'status': 'UNAVAILABLE'}}
[2026-05-30T03:10:55.712050] ERROR | audit_and_repair_database/_call_gemini | 503 UNAVAILABLE. {'error': {'code': 503, 'message': 'This model is currently experiencing high demand. Spikes in demand are usually temporary. Please try again later.', 'status': 'UNAVAILABLE'}}
[2026-05-30T03:10:56.917287] ERROR | audit_and_repair_database/_call_gemini | 503 UNAVAILABLE. {'error': {'code': 503, 'message': 'This model is currently experiencing high demand. Spikes in demand are usually temporary. Please try again later.', 'status': 'UNAVAILABLE'}}
[2026-05-30T03:11:22.616151] ERROR | audit_and_repair_database/_call_gemini | 503 UNAVAILABLE. {'error': {'code': 503, 'message': 'This model is currently experiencing high demand. Spikes in demand are usually temporary. Please try again later.', 'status': 'UNAVAILABLE'}}
[2026-05-30T03:11:24.055326] ERROR | audit_and_repair_database/_call_gemini | 503 UNAVAILABLE. {'error': {'code': 503, 'message': 'This model is currently experiencing high demand. Spikes in demand are usually temporary. Please try again later.', 'status': 'UNAVAILABLE'}}
[2026-05-30T03:11:26.041467] ERROR | audit_and_repair_database/_call_gemini | 503 UNAVAILABLE. {'error': {'code': 503, 'message': 'This model is currently experiencing high demand. Spikes in demand are usually temporary. Please try again later.', 'status': 'UNAVAILABLE'}}
[2026-05-30T03:11:31.655539] ERROR | audit_and_repair_database/_call_gemini | 503 UNAVAILABLE. {'error': {'code': 503, 'message': 'This model is currently experiencing high demand. Spikes in demand are usually temporary. Please try again later.', 'status': 'UNAVAILABLE'}}
[2026-05-30T03:11:38.200733] ERROR | audit_and_repair_database/_call_gemini | 503 UNAVAILABLE. {'error': {'code': 503, 'message': 'This model is currently experiencing high demand. Spikes in demand are usually temporary. Please try again later.', 'status': 'UNAVAILABLE'}}
[2026-05-30T03:11:39.793945] ERROR | audit_and_repair_database/_call_gemini | 503 UNAVAILABLE. {'error': {'code': 503, 'message': 'This model is currently experiencing high demand. Spikes in demand are usually temporary. Please try again later.', 'status': 'UNAVAILABLE'}}
[2026-05-30T03:12:23.438231] ERROR | audit_and_repair_database/_call_gemini | 503 UNAVAILABLE. {'error': {'code': 503, 'message': 'This model is currently experiencing high demand. Spikes in demand are usually temporary. Please try again later.', 'status': 'UNAVAILABLE'}}
[2026-05-30T03:12:37.044412] ERROR | audit_and_repair_database/_call_gemini | 503 UNAVAILABLE. {'error': {'code': 503, 'message': 'This model is currently experiencing high demand. Spikes in demand are usually temporary. Please try again later.', 'status': 'UNAVAILABLE'}}
[2026-05-30T03:12:39.977167] ERROR | audit_and_repair_database/_call_gemini | 503 UNAVAILABLE. {'error': {'code': 503, 'message': 'This model is currently experiencing high demand. Spikes in demand are usually temporary. Please try again later.', 'status': 'UNAVAILABLE'}}
[2026-05-30T03:12:45.414202] ERROR | audit_and_repair_database/_call_gemini | 503 UNAVAILABLE. {'error': {'code': 503, 'message': 'This model is currently experiencing high demand. Spikes in demand are usually temporary. Please try again later.', 'status': 'UNAVAILABLE'}}
[2026-05-30T03:12:49.564847] ERROR | audit_and_repair_database/_call_gemini | 503 UNAVAILABLE. {'error': {'code': 503, 'message': 'This model is currently experiencing high demand. Spikes in demand are usually temporary. Please try again later.', 'status': 'UNAVAILABLE'}}
[2026-05-30T03:14:08.505863] ERROR | audit_and_repair_database/_call_gemini | 503 UNAVAILABLE. {'error': {'code': 503, 'message': 'This model is currently experiencing high demand. Spikes in demand are usually temporary. Please try again later.', 'status': 'UNAVAILABLE'}}
[2026-05-30T03:14:19.012762] ERROR | audit_and_repair_database/_call_gemini | 503 UNAVAILABLE. {'error': {'code': 503, 'message': 'This model is currently experiencing high demand. Spikes in demand are usually temporary. Please try again later.', 'status': 'UNAVAILABLE'}}
[2026-05-30T03:15:14.029795] ERROR | audit_and_repair_database/_call_gemini | 503 UNAVAILABLE. {'error': {'code': 503, 'message': 'This model is currently experiencing high demand. Spikes in demand are usually temporary. Please try again later.', 'status': 'UNAVAILABLE'}}
[2026-05-30T03:15:36.379109] ERROR | audit_and_repair_database/_call_gemini | 503 UNAVAILABLE. {'error': {'code': 503, 'message': 'This model is currently experiencing high demand. Spikes in demand are usually temporary. Please try again later.', 'status': 'UNAVAILABLE'}}
[2026-05-30T15:34:00.674449] ERROR | audit_and_repair_database/_call_gemini | 503 UNAVAILABLE. {'error': {'code': 503, 'message': 'This model is currently experiencing high demand. Spikes in demand are usually temporary. Please try again later.', 'status': 'UNAVAILABLE'}}
[2026-05-30T15:34:03.666889] ERROR | audit_and_repair_database/_call_gemini | 503 UNAVAILABLE. {'error': {'code': 503, 'message': 'This model is currently experiencing high demand. Spikes in demand are usually temporary. Please try again later.', 'status': 'UNAVAILABLE'}}
[2026-05-30T15:37:55.446436] ERROR | audit_and_repair_database/_call_gemini | 503 UNAVAILABLE. {'error': {'code': 503, 'message': 'This model is currently experiencing high demand. Spikes in demand are usually temporary. Please try again later.', 'status': 'UNAVAILABLE'}}
[2026-05-30T15:38:53.572349] ERROR | audit_and_repair_database/_call_gemini | 503 UNAVAILABLE. {'error': {'code': 503, 'message': 'This model is currently experiencing high demand. Spikes in demand are usually temporary. Please try again later.', 'status': 'UNAVAILABLE'}}
